<?xml version="1.0" encoding="UTF-8"?>
<testsuite name="TeaTest" tests="2" skipped="0" failures="0" errors="0" timestamp="2021-03-09T21:53:11" hostname="DESKTOP-67J0GT9" time="0.018">
  <properties/>
  <testcase name="checkExpired()" classname="TeaTest" time="0.016"/>
  <testcase name="getRegion()" classname="TeaTest" time="0.001"/>
  <system-out><![CDATA[]]></system-out>
  <system-err><![CDATA[]]></system-err>
</testsuite>
